2019-11-17 17:38:00.992 Server started at port 3000!
2019-11-17 17:38:21.291 Server started at port 3000!
2019-11-17 17:40:21.409 Port greutate conectat
2019-11-17 17:40:21.410 Port Lungime conectat
2019-11-17 17:40:44.056 Port lungime inchis normal
2019-11-17 17:40:44.056 Port cantitate inchis normal
2019-11-17 17:40:48.814 Port Lungime conectat
2019-11-17 17:40:48.814 Port greutate conectat
2019-11-17 17:41:10.695 Port lungime inchis normal
2019-11-17 17:41:10.696 Port cantitate inchis normal
2019-11-17 17:42:34.995 Port Lungime conectat
2019-11-17 17:42:34.995 Port greutate conectat
2019-11-17 17:43:31.685 Server started at port 3000!
2019-11-17 17:43:31.814 Port Lungime conectat
2019-11-17 17:43:31.815 Port greutate conectat
2019-11-17 18:06:57.325 Server started at port 3000!
2019-11-17 18:09:00.157 Port Lungime conectat
2019-11-17 18:09:00.157 Port greutate conectat
2019-11-17 18:09:16.067 ####3
2019-11-17 18:09:16.077 Error: Error: TypeError: nrBobina.trim is not a function
    at generateEticheta (C:\SanCloud\api\cantarire\saveRowCantarire.js:228:9)
2019-11-17 18:09:16.080 ####4
2019-11-17 18:09:35.966 ####3
2019-11-17 18:09:35.981 Error: Error: TypeError: nrBobina.trim is not a function
    at generateEticheta (C:\SanCloud\api\cantarire\saveRowCantarire.js:228:9)
2019-11-17 18:09:35.982 ####4
2019-11-17 18:09:55.956 ####3
2019-11-17 18:09:55.968 Error: Error: TypeError: nrBobina.trim is not a function
    at generateEticheta (C:\SanCloud\api\cantarire\saveRowCantarire.js:228:9)
2019-11-17 18:09:55.968 ####4
2019-11-17 18:10:15.961 ####3
2019-11-17 18:10:15.974 Error: Error: TypeError: nrBobina.trim is not a function
    at generateEticheta (C:\SanCloud\api\cantarire\saveRowCantarire.js:228:9)
2019-11-17 18:10:15.974 ####4
2019-11-17 18:10:35.954 ####3
2019-11-17 18:10:35.967 Error: Error: TypeError: nrBobina.trim is not a function
    at generateEticheta (C:\SanCloud\api\cantarire\saveRowCantarire.js:228:9)
2019-11-17 18:10:35.967 ####4
2019-11-17 18:10:55.938 ####3
2019-11-17 18:10:55.949 Error: Error: TypeError: nrBobina.trim is not a function
    at generateEticheta (C:\SanCloud\api\cantarire\saveRowCantarire.js:228:9)
2019-11-17 18:10:55.949 ####4
2019-11-17 18:11:15.967 ####3
2019-11-17 18:11:15.979 Error: Error: TypeError: nrBobina.trim is not a function
    at generateEticheta (C:\SanCloud\api\cantarire\saveRowCantarire.js:228:9)
2019-11-17 18:11:15.979 ####4
2019-11-17 18:11:35.956 ####3
2019-11-17 18:11:35.971 Error: Error: TypeError: nrBobina.trim is not a function
    at generateEticheta (C:\SanCloud\api\cantarire\saveRowCantarire.js:228:9)
2019-11-17 18:11:35.971 ####4
2019-11-17 18:11:55.958 ####3
2019-11-17 18:11:55.965 Error: Error: TypeError: nrBobina.trim is not a function
    at generateEticheta (C:\SanCloud\api\cantarire\saveRowCantarire.js:228:9)
2019-11-17 18:11:55.966 ####4
2019-11-17 18:12:21.319 Server started at port 3000!
2019-11-17 18:12:23.947 Port Lungime conectat
2019-11-17 18:12:23.948 Port greutate conectat
2019-11-17 18:12:36.139 ####3
2019-11-17 18:12:36.181 ####4
2019-11-17 18:12:55.958 ####3
2019-11-17 18:12:56.002 ####4
2019-11-17 18:13:15.956 ####3
2019-11-17 18:13:16.006 ####4
2019-11-17 18:13:35.973 ####3
2019-11-17 18:13:36.011 ####4
2019-11-17 18:13:43.122 Port cantitate inchis normal
2019-11-17 18:13:43.123 Port lungime inchis normal
2019-11-17 18:18:15.531 ####3
2019-11-17 18:18:15.594 ####4
2019-11-17 18:18:19.443 ####3
2019-11-17 18:18:19.487 ####4
2019-11-17 18:18:51.917 ####3
2019-11-17 18:18:51.955 ####4
2019-11-17 18:18:55.270 ####3
2019-11-17 18:18:55.306 ####4
2019-11-17 18:19:47.683 Server started at port 3000!
2019-11-17 18:20:02.063 Port greutate conectat
2019-11-17 18:20:02.064 Port Lungime conectat
2019-11-17 18:20:41.041 Port cantitate inchis normal
2019-11-17 18:20:41.042 Port lungime inchis normal
2019-11-17 18:21:30.859 Port Lungime conectat
2019-11-17 18:21:30.860 Port greutate conectat
2019-11-17 18:21:42.261 Port lungime inchis normal
2019-11-17 18:21:42.261 Port cantitate inchis normal
2019-11-17 18:30:00.003 ################# cron --delete c:\SanCloud\tmp\ fisiere mai vechi de 30 minute
2019-11-17 18:33:11.645 Server started at port 3000!
2019-11-17 18:33:27.504 Port Lungime conectat
2019-11-17 18:33:27.505 Port greutate conectat
2019-11-17 18:34:00.503 Port cantitate inchis normal
2019-11-17 18:34:00.503 Port lungime inchis normal
2019-11-17 18:35:00.759 Server started at port 3000!
2019-11-17 18:35:34.150 Port greutate conectat
2019-11-17 18:35:34.151 Port Lungime conectat
2019-11-17 18:36:21.555 Port cantitate inchis normal
2019-11-17 18:36:21.555 Port lungime inchis normal
2019-11-17 18:36:37.556 Port Lungime conectat
2019-11-17 18:36:37.557 Port greutate conectat
2019-11-17 18:36:41.789 Port cantitate inchis normal
2019-11-17 18:36:41.790 Port lungime inchis normal
2019-11-17 18:37:04.396 Port greutate conectat
2019-11-17 18:37:04.397 Port Lungime conectat
2019-11-17 18:39:24.194 Port cantitate inchis normal
2019-11-17 18:39:24.195 Port lungime inchis normal
2019-11-17 18:39:41.355 Port greutate conectat
2019-11-17 18:39:41.355 Port Lungime conectat
2019-11-17 19:00:00.007 ################# cron --delete c:\SanCloud\tmp\ fisiere mai vechi de 30 minute
2019-11-17 19:00:00.009 cron DB backup!!!!!!!!!!!!
2019-11-17 19:00:06.253 cron backup executat cu succes s1124988_2019_11_17 19_00_00.010.gz
2019-11-17 19:00:06.671 DB Syncronizare cloud reusita
2019-11-17 19:01:57.032 Port greutate conectat
2019-11-17 19:01:57.032 Port Lungime conectat
2019-11-17 19:09:53.910 Port cantitate inchis normal
2019-11-17 19:09:53.910 Port lungime inchis normal
2019-11-17 19:11:08.383 Port Lungime conectat
2019-11-17 19:11:08.383 Port greutate conectat
2019-11-17 19:30:00.010 ################# cron --delete c:\SanCloud\tmp\ fisiere mai vechi de 30 minute
2019-11-17 19:33:11.580 Port lungime inchis normal
2019-11-17 19:33:11.581 Port cantitate inchis normal
2019-11-17 19:33:34.683 Port Lungime conectat
2019-11-17 19:33:34.684 Port greutate conectat
2019-11-17 19:51:03.564 Port greutate conectat
2019-11-17 19:51:03.565 Port Lungime conectat
2019-11-17 19:54:38.612 Port lungime inchis normal
2019-11-17 19:54:44.991 Port greutate conectat
2019-11-17 19:54:44.992 Port Lungime conectat
2019-11-17 20:00:00.004 ################# cron --delete c:\SanCloud\tmp\ fisiere mai vechi de 30 minute
2019-11-17 20:00:00.005 cron DB backup!!!!!!!!!!!!
2019-11-17 20:00:06.462 cron backup executat cu succes s1124988_2019_11_17 20_00_00.006.gz
2019-11-17 20:00:06.846 DB Syncronizare cloud reusita
2019-11-17 20:23:04.814 Port cantitate inchis normal
2019-11-17 20:23:04.814 Port lungime inchis normal
2019-11-17 20:23:33.259 Port greutate conectat
2019-11-17 20:23:33.260 Port Lungime conectat
2019-11-17 20:30:00.002 ################# cron --delete c:\SanCloud\tmp\ fisiere mai vechi de 30 minute
2019-11-17 21:00:00.011 cron DB backup!!!!!!!!!!!!
2019-11-17 21:00:00.023 ################# cron --delete c:\SanCloud\tmp\ fisiere mai vechi de 30 minute
2019-11-17 21:00:06.087 cron backup executat cu succes s1124988_2019_11_17 21_00_00.012.gz
2019-11-17 21:00:06.457 DB Syncronizare cloud reusita
2019-11-17 21:30:00.004 ################# cron --delete c:\SanCloud\tmp\ fisiere mai vechi de 30 minute
2019-11-17 22:00:00.011 cron DB backup!!!!!!!!!!!!
2019-11-17 22:00:00.021 ################# cron --delete c:\SanCloud\tmp\ fisiere mai vechi de 30 minute
2019-11-17 22:00:06.243 cron backup executat cu succes s1124988_2019_11_17 22_00_00.011.gz
2019-11-17 22:00:06.606 DB Syncronizare cloud reusita
2019-11-17 22:12:16.766 Port cantitate inchis normal
2019-11-17 22:12:16.767 Port lungime inchis normal
2019-11-17 22:15:36.979 Port greutate conectat
2019-11-17 22:15:36.980 Port Lungime conectat
2019-11-17 22:17:36.127 Port cantitate inchis normal
2019-11-17 22:17:36.127 Port lungime inchis normal
2019-11-17 22:17:50.394 Port Lungime conectat
2019-11-17 22:17:50.395 Port greutate conectat
2019-11-17 22:19:22.580 Port cantitate inchis normal
2019-11-17 22:19:22.580 Port lungime inchis normal
2019-11-17 22:30:00.011 ################# cron --delete c:\SanCloud\tmp\ fisiere mai vechi de 30 minute
2019-11-17 23:00:00.010 cron DB backup!!!!!!!!!!!!
2019-11-17 23:00:00.024 ################# cron --delete c:\SanCloud\tmp\ fisiere mai vechi de 30 minute
2019-11-17 23:00:06.634 cron backup executat cu succes s1124988_2019_11_17 23_00_00.012.gz
2019-11-17 23:00:07.078 DB Syncronizare cloud reusita
2019-11-18 08:30:00.014 ################# cron --delete c:\SanCloud\tmp\ fisiere mai vechi de 30 minute
2019-11-18 10:00:00.008 ################# cron --delete c:\SanCloud\tmp\ fisiere mai vechi de 30 minute
2019-11-18 10:00:00.010 cron DB backup!!!!!!!!!!!!
2019-11-18 10:00:08.875 cron backup executat cu succes s1124988_2019_11_18 10_00_00.010.gz
2019-11-18 13:49:18.102 Server started at port 3000!
2019-11-18 14:00:00.007 cron DB backup!!!!!!!!!!!!
2019-11-18 14:00:00.090 ################# cron --delete c:\SanCloud\tmp\ fisiere mai vechi de 30 minute
2019-11-18 14:00:09.473 cron backup executat cu succes s1124988_2019_11_18 14_00_00.039.gz
2019-11-18 14:00:09.756 DB Syncronizare cloud reusita
2019-11-18 14:30:00.002 ################# cron --delete c:\SanCloud\tmp\ fisiere mai vechi de 30 minute
2019-11-18 15:00:00.002 ################# cron --delete c:\SanCloud\tmp\ fisiere mai vechi de 30 minute
2019-11-18 15:00:00.003 cron DB backup!!!!!!!!!!!!
2019-11-18 15:00:09.424 cron backup executat cu succes s1124988_2019_11_18 15_00_00.004.gz
2019-11-18 15:00:09.997 DB Syncronizare cloud reusita
2019-11-18 15:30:00.001 ################# cron --delete c:\SanCloud\tmp\ fisiere mai vechi de 30 minute
2019-11-18 17:30:00.004 ################# cron --delete c:\SanCloud\tmp\ fisiere mai vechi de 30 minute
2019-11-18 18:00:00.005 cron DB backup!!!!!!!!!!!!
2019-11-18 18:00:00.092 ################# cron --delete c:\SanCloud\tmp\ fisiere mai vechi de 30 minute
2019-11-18 18:00:06.649 cron backup executat cu succes s1124988_2019_11_18 18_00_00.014.gz
2019-11-18 18:00:07.055 DB Syncronizare cloud reusita
2019-11-19 18:30:52.593 Server started at port 3000!
2019-11-19 18:57:15.938 Server started at port 3000!
2019-11-19 19:00:00.019 ################# cron --delete c:\SanCloud\tmp\ fisiere mai vechi de 30 minute
2019-11-19 19:00:00.028 cron DB backup!!!!!!!!!!!!
2019-11-19 19:00:40.494 cron backup executat cu succes s1124988_2019_11_19 19_00_00.033.gz
2019-11-19 19:00:41.309 DB Syncronizare cloud reusita
2019-11-19 19:30:00.013 ################# cron --delete c:\SanCloud\tmp\ fisiere mai vechi de 30 minute
2019-11-19 20:00:00.007 ################# cron --delete c:\SanCloud\tmp\ fisiere mai vechi de 30 minute
2019-11-19 20:00:00.008 cron DB backup!!!!!!!!!!!!
2019-11-19 20:00:07.460 cron backup executat cu succes s1124988_2019_11_19 20_00_00.008.gz
2019-11-19 20:00:08.258 DB Syncronizare cloud reusita
2019-11-19 20:30:00.014 ################# cron --delete c:\SanCloud\tmp\ fisiere mai vechi de 30 minute
2019-11-19 20:38:37.738 Server started at port 3000!
2019-11-19 21:00:00.011 cron DB backup!!!!!!!!!!!!
2019-11-19 21:00:00.038 ################# cron --delete c:\SanCloud\tmp\ fisiere mai vechi de 30 minute
2019-11-19 21:00:06.254 cron backup executat cu succes s1124988_2019_11_19 21_00_00.016.gz
2019-11-19 21:00:07.425 DB Syncronizare cloud reusita
2019-11-19 21:30:00.016 ################# cron --delete c:\SanCloud\tmp\ fisiere mai vechi de 30 minute
2019-11-19 22:00:00.010 cron DB backup!!!!!!!!!!!!
2019-11-19 22:00:00.023 ################# cron --delete c:\SanCloud\tmp\ fisiere mai vechi de 30 minute
2019-11-19 22:00:05.873 cron backup executat cu succes s1124988_2019_11_19 22_00_00.011.gz
2019-11-19 22:00:06.920 DB Syncronizare cloud reusita
2019-11-19 22:30:00.004 ################# cron --delete c:\SanCloud\tmp\ fisiere mai vechi de 30 minute
2019-11-19 23:00:00.014 cron DB backup!!!!!!!!!!!!
2019-11-19 23:00:00.023 ################# cron --delete c:\SanCloud\tmp\ fisiere mai vechi de 30 minute
2019-11-19 23:00:05.562 cron backup executat cu succes s1124988_2019_11_19 23_00_00.014.gz
2019-11-19 23:00:06.153 DB Syncronizare cloud reusita
2019-11-19 23:30:00.002 ################# cron --delete c:\SanCloud\tmp\ fisiere mai vechi de 30 minute
2019-11-20 09:20:30.729 Port Lungime conectat
2019-11-20 09:20:30.729 Port greutate conectat
2019-11-20 09:20:55.986 Server started at port 3000!
2019-11-20 09:20:57.333 Port Lungime conectat
2019-11-20 09:20:57.336 Port greutate conectat
2019-11-20 09:55:32.530 Server started at port 3000!
2019-11-20 09:55:34.715 Port greutate conectat
2019-11-20 09:55:34.716 Port Lungime conectat
2019-11-20 09:55:38.129 Port cantitate inchis normal
2019-11-20 09:55:38.130 Port lungime inchis normal
2019-11-20 10:00:00.007 cron DB backup!!!!!!!!!!!!
2019-11-20 10:00:00.026 ################# cron --delete c:\SanCloud\tmp\ fisiere mai vechi de 30 minute
2019-11-20 10:00:16.252 cron backup executat cu succes s1124988_2019_11_20 10_00_00.009.gz
2019-11-20 10:00:17.104 DB Syncronizare cloud reusita
2019-11-20 10:30:00.004 ################# cron --delete c:\SanCloud\tmp\ fisiere mai vechi de 30 minute
2019-11-20 11:30:00.002 ################# cron --delete c:\SanCloud\tmp\ fisiere mai vechi de 30 minute
2019-11-20 12:00:00.002 cron DB backup!!!!!!!!!!!!
2019-11-20 12:00:00.014 ################# cron --delete c:\SanCloud\tmp\ fisiere mai vechi de 30 minute
2019-11-20 12:00:06.956 cron backup executat cu succes s1124988_2019_11_20 12_00_00.003.gz
2019-11-20 12:00:07.141 DB Syncronizare cloud reusita
2019-11-20 12:30:00.010 ################# cron --delete c:\SanCloud\tmp\ fisiere mai vechi de 30 minute
2019-11-22 18:47:06.601 Server started at port 3000!
2019-11-22 19:00:00.006 cron DB backup!!!!!!!!!!!!
2019-11-22 19:00:00.042 ################# cron --delete c:\SanCloud\tmp\ fisiere mai vechi de 30 minute
2019-11-22 19:00:16.244 cron backup executat cu succes s1124988_2019_11_22 19_00_00.011.gz
2019-11-22 19:00:17.024 DB Syncronizare cloud reusita
2019-11-22 19:12:20.660 Server started at port 3000!
2019-11-22 19:30:00.008 ################# cron --delete c:\SanCloud\tmp\ fisiere mai vechi de 30 minute
2019-11-22 19:33:50.252 Server started at port 3000!
2019-11-22 20:00:00.006 cron DB backup!!!!!!!!!!!!
2019-11-22 20:00:00.032 ################# cron --delete c:\SanCloud\tmp\ fisiere mai vechi de 30 minute
2019-11-22 20:00:13.455 cron backup executat cu succes s1124988_2019_11_22 20_00_00.013.gz
2019-11-22 20:00:14.175 DB Syncronizare cloud reusita
2019-11-22 20:18:08.856 Server started at port 3000!
2019-11-22 20:30:00.007 ################# cron --delete c:\SanCloud\tmp\ fisiere mai vechi de 30 minute
