2019-11-17 17:37:51 - Starting C:\Program Files\nodejs\node.exe  --harmony c:\SanCloud\node_modules\node-windows\lib\wrapper.js --file C:\SanCloud\server.js --log "SanCloud wrapper" --grow 0.25 --wait 1 --maxrestarts 3 --abortonerror n --stopparentfirst undefined
2019-11-17 17:37:51 - Started 11564
2019-11-17 17:38:16 - Stopping sancloud.exe
2019-11-17 17:38:16 - ProcessKill 11564
2019-11-17 17:38:16 - Found child process: 3124 Name: conhost.exe
2019-11-17 17:38:16 - Found child process: 12948 Name: node.exe
2019-11-17 17:38:16 - Stopping process 3124
2019-11-17 17:38:17 - Send SIGINT 3124
2019-11-17 17:38:17 - SIGINT to 3124 failed - Killing as fallback
2019-11-17 17:38:17 - Stopping process 12948
2019-11-17 17:38:17 - Send SIGINT 12948
2019-11-17 17:38:17 - SIGINT to 12948 failed - Killing as fallback
2019-11-17 17:38:17 - Stopping process 11564
2019-11-17 17:38:17 - Send SIGINT 11564
2019-11-17 17:38:17 - SIGINT to 11564 failed - Killing as fallback
2019-11-17 17:38:17 - Stop exception
Message:Access is denied
Stacktrace:   at System.Diagnostics.Process.Kill()
   at winsw.WrapperService.StopProcess(Int32 pid)
   at winsw.WrapperService.StopProcessAndChildren(Int32 pid)
   at winsw.WrapperService.StopIt()
   at winsw.WrapperService.OnStop()
2019-11-17 17:38:17 - Starting C:\Program Files\nodejs\node.exe  --harmony c:\SanCloud\node_modules\node-windows\lib\wrapper.js --file C:\SanCloud\server.js --log "SanCloud wrapper" --grow 0.25 --wait 1 --maxrestarts 3 --abortonerror n --stopparentfirst undefined
2019-11-17 17:38:17 - Started 4764
2019-11-17 17:43:27 - Stopping sancloud.exe
2019-11-17 17:43:27 - ProcessKill 4764
2019-11-17 17:43:27 - Found child process: 4436 Name: conhost.exe
2019-11-17 17:43:27 - Found child process: 2808 Name: node.exe
2019-11-17 17:43:27 - Stopping process 4436
2019-11-17 17:43:27 - Send SIGINT 4436
2019-11-17 17:43:27 - SIGINT to 4436 failed - Killing as fallback
2019-11-17 17:43:27 - Stopping process 2808
2019-11-17 17:43:27 - Send SIGINT 2808
2019-11-17 17:43:27 - SIGINT to 2808 failed - Killing as fallback
2019-11-17 17:43:28 - Stopping process 4764
2019-11-17 17:43:28 - Send SIGINT 4764
2019-11-17 17:43:28 - SIGINT to 4764 failed - Killing as fallback
2019-11-17 17:43:28 - Finished sancloud.exe
2019-11-17 17:43:28 - Starting C:\Program Files\nodejs\node.exe  --harmony c:\SanCloud\node_modules\node-windows\lib\wrapper.js --file C:\SanCloud\server.js --log "SanCloud wrapper" --grow 0.25 --wait 1 --maxrestarts 3 --abortonerror n --stopparentfirst undefined
2019-11-17 17:43:28 - Started 9688
2019-11-17 17:46:13 - Stopping sancloud.exe
2019-11-17 17:46:13 - ProcessKill 9688
2019-11-17 17:46:13 - Found child process: 10452 Name: conhost.exe
2019-11-17 17:46:13 - Found child process: 9748 Name: node.exe
2019-11-17 17:46:13 - Stopping process 10452
2019-11-17 17:46:13 - Send SIGINT 10452
2019-11-17 17:46:13 - SIGINT to 10452 failed - Killing as fallback
2019-11-17 17:46:13 - Stopping process 9748
2019-11-17 17:46:13 - Send SIGINT 9748
2019-11-17 17:46:13 - SIGINT to 9748 failed - Killing as fallback
2019-11-17 17:46:13 - Stopping process 9688
2019-11-17 17:46:13 - Send SIGINT 9688
2019-11-17 17:46:14 - SIGINT to 9688 failed - Killing as fallback
2019-11-17 17:46:14 - Finished sancloud.exe
2019-11-17 18:06:54 - Starting C:\Program Files\nodejs\node.exe  --harmony c:\SanCloud\node_modules\node-windows\lib\wrapper.js --file C:\SanCloud\server.js --log "SanCloud wrapper" --grow 0.25 --wait 1 --maxrestarts 3 --abortonerror n --stopparentfirst undefined
2019-11-17 18:06:54 - Started 11988
2019-11-17 18:12:15 - Stopping sancloud.exe
2019-11-17 18:12:15 - ProcessKill 11988
2019-11-17 18:12:15 - Found child process: 7964 Name: conhost.exe
2019-11-17 18:12:15 - Found child process: 8272 Name: node.exe
2019-11-17 18:12:15 - Stopping process 7964
2019-11-17 18:12:15 - Send SIGINT 7964
2019-11-17 18:12:15 - SIGINT to 7964 failed - Killing as fallback
2019-11-17 18:12:15 - Stopping process 8272
2019-11-17 18:12:15 - Send SIGINT 8272
2019-11-17 18:12:15 - SIGINT to 8272 failed - Killing as fallback
2019-11-17 18:12:15 - Stopping process 11988
2019-11-17 18:12:15 - Send SIGINT 11988
2019-11-17 18:12:15 - SIGINT to 11988 failed - Killing as fallback
2019-11-17 18:12:15 - Finished sancloud.exe
2019-11-17 18:12:18 - Starting C:\Program Files\nodejs\node.exe  --harmony c:\SanCloud\node_modules\node-windows\lib\wrapper.js --file C:\SanCloud\server.js --log "SanCloud wrapper" --grow 0.25 --wait 1 --maxrestarts 3 --abortonerror n --stopparentfirst undefined
2019-11-17 18:12:18 - Started 5672
2019-11-17 18:19:41 - Stopping sancloud.exe
2019-11-17 18:19:41 - ProcessKill 5672
2019-11-17 18:19:41 - Found child process: 2800 Name: conhost.exe
2019-11-17 18:19:41 - Found child process: 12976 Name: node.exe
2019-11-17 18:19:42 - Stopping process 2800
2019-11-17 18:19:42 - Send SIGINT 2800
2019-11-17 18:19:42 - SIGINT to 2800 failed - Killing as fallback
2019-11-17 18:19:42 - Stopping process 12976
2019-11-17 18:19:42 - Send SIGINT 12976
2019-11-17 18:19:42 - SIGINT to 12976 failed - Killing as fallback
2019-11-17 18:19:42 - Stopping process 5672
2019-11-17 18:19:42 - Send SIGINT 5672
2019-11-17 18:19:42 - SIGINT to 5672 failed - Killing as fallback
2019-11-17 18:19:42 - Finished sancloud.exe
2019-11-17 18:19:45 - Starting C:\Program Files\nodejs\node.exe  --harmony c:\SanCloud\node_modules\node-windows\lib\wrapper.js --file C:\SanCloud\server.js --log "SanCloud wrapper" --grow 0.25 --wait 1 --maxrestarts 3 --abortonerror n --stopparentfirst undefined
2019-11-17 18:19:45 - Started 11192
2019-11-17 18:30:38 - Stopping sancloud.exe
2019-11-17 18:30:38 - ProcessKill 11192
2019-11-17 18:30:39 - Found child process: 4692 Name: conhost.exe
2019-11-17 18:30:39 - Found child process: 9272 Name: node.exe
2019-11-17 18:30:39 - Stopping process 4692
2019-11-17 18:30:39 - Send SIGINT 4692
2019-11-17 18:30:39 - SIGINT to 4692 failed - Killing as fallback
2019-11-17 18:30:39 - Stopping process 9272
2019-11-17 18:30:39 - Send SIGINT 9272
2019-11-17 18:30:39 - SIGINT to 9272 failed - Killing as fallback
2019-11-17 18:30:39 - Stopping process 11192
2019-11-17 18:30:39 - Send SIGINT 11192
2019-11-17 18:30:39 - SIGINT to 11192 failed - Killing as fallback
2019-11-17 18:30:39 - Finished sancloud.exe
2019-11-17 18:33:08 - Starting C:\Program Files\nodejs\node.exe  --harmony c:\SanCloud\node_modules\node-windows\lib\wrapper.js --file C:\SanCloud\server.js --log "SanCloud wrapper" --grow 0.25 --wait 1 --maxrestarts 3 --abortonerror n --stopparentfirst undefined
2019-11-17 18:33:08 - Started 1636
2019-11-17 18:34:52 - Stopping sancloud.exe
2019-11-17 18:34:52 - ProcessKill 1636
2019-11-17 18:34:53 - Found child process: 14408 Name: conhost.exe
2019-11-17 18:34:53 - Found child process: 13572 Name: node.exe
2019-11-17 18:34:53 - Stopping process 14408
2019-11-17 18:34:53 - Send SIGINT 14408
2019-11-17 18:34:53 - SIGINT to 14408 failed - Killing as fallback
2019-11-17 18:34:53 - Stopping process 13572
2019-11-17 18:34:53 - Send SIGINT 13572
2019-11-17 18:34:53 - SIGINT to 13572 failed - Killing as fallback
2019-11-17 18:34:53 - Stopping process 1636
2019-11-17 18:34:53 - Send SIGINT 1636
2019-11-17 18:34:53 - SIGINT to 1636 failed - Killing as fallback
2019-11-17 18:34:53 - Finished sancloud.exe
2019-11-17 18:34:57 - Starting C:\Program Files\nodejs\node.exe  --harmony c:\SanCloud\node_modules\node-windows\lib\wrapper.js --file C:\SanCloud\server.js --log "SanCloud wrapper" --grow 0.25 --wait 1 --maxrestarts 3 --abortonerror n --stopparentfirst undefined
2019-11-17 18:34:57 - Started 4420
2019-11-18 10:00:22 - Stopping sancloud.exe
2019-11-18 10:00:22 - ProcessKill 4420
2019-11-18 10:00:22 - Found child process: 6812 Name: conhost.exe
2019-11-18 10:00:22 - Found child process: 13128 Name: node.exe
2019-11-18 10:00:22 - Stopping process 6812
2019-11-18 10:00:22 - Send SIGINT 6812
2019-11-18 10:00:22 - SIGINT to 6812 failed - Killing as fallback
2019-11-18 10:00:23 - Stopping process 13128
2019-11-18 10:00:23 - Send SIGINT 13128
2019-11-18 10:00:23 - SIGINT to 13128 failed - Killing as fallback
2019-11-18 10:00:23 - Stopping process 4420
2019-11-18 10:00:23 - Send SIGINT 4420
2019-11-18 10:00:23 - SIGINT to 4420 failed - Killing as fallback
2019-11-18 10:00:23 - Finished sancloud.exe
2019-11-18 13:49:10 - Starting C:\Program Files\nodejs\node.exe  --harmony c:\SanCloud\node_modules\node-windows\lib\wrapper.js --file C:\SanCloud\server.js --log "SanCloud wrapper" --grow 0.25 --wait 1 --maxrestarts 3 --abortonerror n --stopparentfirst undefined
2019-11-18 13:49:10 - Started 3012
2019-11-18 18:08:25 - Stopping sancloud.exe
2019-11-18 18:08:25 - ProcessKill 3012
2019-11-18 18:08:25 - Found child process: 3008 Name: conhost.exe
2019-11-18 18:08:26 - Found child process: 6836 Name: node.exe
2019-11-18 18:08:26 - Stopping process 3008
2019-11-18 18:08:26 - Send SIGINT 3008
2019-11-18 18:08:26 - SIGINT to 3008 failed - Killing as fallback
2019-11-18 18:08:26 - Stopping process 6836
2019-11-18 18:08:26 - Send SIGINT 6836
2019-11-18 18:08:26 - SIGINT to 6836 failed - Killing as fallback
2019-11-18 18:08:26 - Stopping process 3012
2019-11-18 18:08:26 - Send SIGINT 3012
2019-11-18 18:08:26 - SIGINT to 3012 failed - Killing as fallback
2019-11-18 18:08:26 - Finished sancloud.exe
2019-11-19 10:15:01 - Starting C:\Program Files\nodejs\node.exe  --harmony c:\SanCloud\node_modules\node-windows\lib\wrapper.js --file C:\SanCloud\server.js --log "SanCloud wrapper" --grow 0.25 --wait 1 --maxrestarts 3 --abortonerror n --stopparentfirst undefined
2019-11-19 10:15:01 - Started 12676
2019-11-19 10:15:03 - Stopping sancloud.exe
2019-11-19 10:15:03 - ProcessKill 12676
2019-11-19 10:15:04 - Found child process: 420 Name: conhost.exe
2019-11-19 10:15:04 - Found child process: 12344 Name: node.exe
2019-11-19 10:15:04 - Stopping process 420
2019-11-19 10:15:04 - Send SIGINT 420
2019-11-19 10:15:04 - SIGINT to 420 failed - Killing as fallback
2019-11-19 10:15:04 - Stopping process 12344
2019-11-19 10:15:04 - Send SIGINT 12344
2019-11-19 10:15:04 - SIGINT to 12344 failed - Killing as fallback
2019-11-19 10:15:04 - Stopping process 12676
2019-11-19 10:15:04 - Send SIGINT 12676
2019-11-19 10:15:04 - SIGINT to 12676 failed - Killing as fallback
2019-11-19 10:15:04 - Finished sancloud.exe
2019-11-19 18:30:44 - Starting C:\Program Files\nodejs\node.exe  --harmony c:\SanCloud\node_modules\node-windows\lib\wrapper.js --file C:\SanCloud\server.js --log "SanCloud wrapper" --grow 0.25 --wait 1 --maxrestarts 3 --abortonerror n --stopparentfirst undefined
2019-11-19 18:30:44 - Started 6128
2019-11-19 18:56:12 - Stopping sancloud.exe
2019-11-19 18:56:12 - ProcessKill 6128
2019-11-19 18:56:13 - Shutdown exception
Message:A system shutdown is in progress. (Exception from HRESULT: 0x8007045B)
Stacktrace:   at System.Runtime.InteropServices.Marshal.ThrowExceptionForHRInternal(Int32 errorCode, IntPtr errorInfo)
   at System.Management.ManagementScope.InitializeGuts(Object o)
   at System.Management.ManagementScope.Initialize()
   at System.Management.ManagementObjectSearcher.Initialize()
   at System.Management.ManagementObjectSearcher.Get()
   at winsw.WrapperService.GetChildPids(Int32 pid)
   at winsw.WrapperService.StopProcessAndChildren(Int32 pid)
   at winsw.WrapperService.StopIt()
   at winsw.WrapperService.OnShutdown()
2019-11-19 18:56:57 - Starting C:\Program Files\nodejs\node.exe  --harmony c:\SanCloud\node_modules\node-windows\lib\wrapper.js --file C:\SanCloud\server.js --log "SanCloud wrapper" --grow 0.25 --wait 1 --maxrestarts 3 --abortonerror n --stopparentfirst undefined
2019-11-19 18:56:57 - Started 5288
2019-11-19 20:38:27 - Starting C:\Program Files\nodejs\node.exe  --harmony c:\SanCloud\node_modules\node-windows\lib\wrapper.js --file C:\SanCloud\server.js --log "SanCloud wrapper" --grow 0.25 --wait 1 --maxrestarts 3 --abortonerror n --stopparentfirst undefined
2019-11-19 20:38:27 - Started 5112
2019-11-20 09:20:48 - Stopping sancloud.exe
2019-11-20 09:20:48 - ProcessKill 5112
2019-11-20 09:20:48 - Found child process: 4632 Name: conhost.exe
2019-11-20 09:20:48 - Found child process: 5592 Name: node.exe
2019-11-20 09:20:48 - Stopping process 4632
2019-11-20 09:20:48 - Send SIGINT 4632
2019-11-20 09:20:49 - SIGINT to 4632 failed - Killing as fallback
2019-11-20 09:20:49 - Stopping process 5592
2019-11-20 09:20:49 - Send SIGINT 5592
2019-11-20 09:20:49 - SIGINT to 5592 failed - Killing as fallback
2019-11-20 09:20:49 - Stopping process 5112
2019-11-20 09:20:49 - Send SIGINT 5112
2019-11-20 09:20:49 - SIGINT to 5112 failed - Killing as fallback
2019-11-20 09:20:49 - Finished sancloud.exe
2019-11-20 09:20:52 - Starting C:\Program Files\nodejs\node.exe  --harmony c:\SanCloud\node_modules\node-windows\lib\wrapper.js --file C:\SanCloud\server.js --log "SanCloud wrapper" --grow 0.25 --wait 1 --maxrestarts 3 --abortonerror n --stopparentfirst undefined
2019-11-20 09:20:52 - Started 16852
2019-11-20 09:21:06 - Stopping sancloud.exe
2019-11-20 09:21:06 - ProcessKill 16852
2019-11-20 09:21:07 - Found child process: 16116 Name: conhost.exe
2019-11-20 09:21:07 - Found child process: 12756 Name: node.exe
2019-11-20 09:21:07 - Stopping process 16116
2019-11-20 09:21:07 - Send SIGINT 16116
2019-11-20 09:21:07 - SIGINT to 16116 failed - Killing as fallback
2019-11-20 09:21:07 - Stopping process 12756
2019-11-20 09:21:07 - Send SIGINT 12756
2019-11-20 09:21:07 - SIGINT to 12756 failed - Killing as fallback
2019-11-20 09:21:07 - Stopping process 16852
2019-11-20 09:21:07 - Send SIGINT 16852
2019-11-20 09:21:07 - SIGINT to 16852 failed - Killing as fallback
2019-11-20 09:21:07 - Finished sancloud.exe
2019-11-20 09:55:29 - Starting C:\Program Files\nodejs\node.exe  --harmony c:\SanCloud\node_modules\node-windows\lib\wrapper.js --file C:\SanCloud\server.js --log "SanCloud wrapper" --grow 0.25 --wait 1 --maxrestarts 3 --abortonerror n --stopparentfirst undefined
2019-11-20 09:55:29 - Started 2500
2019-11-20 12:37:38 - Stopping sancloud.exe
2019-11-20 12:37:38 - ProcessKill 2500
2019-11-20 12:37:38 - Found child process: 12676 Name: conhost.exe
2019-11-20 12:37:38 - Found child process: 15016 Name: node.exe
2019-11-20 12:37:39 - Stopping process 12676
2019-11-20 12:37:39 - Send SIGINT 12676
2019-11-20 12:37:39 - SIGINT to 12676 failed - Killing as fallback
2019-11-20 12:37:39 - Stopping process 15016
2019-11-20 12:37:39 - Send SIGINT 15016
2019-11-20 12:37:39 - SIGINT to 15016 failed - Killing as fallback
2019-11-20 12:37:39 - Stopping process 2500
2019-11-20 12:37:39 - Send SIGINT 2500
2019-11-20 12:37:39 - SIGINT to 2500 failed - Killing as fallback
2019-11-20 12:37:39 - Finished sancloud.exe
2019-11-22 18:46:44 - Starting C:\Program Files\nodejs\node.exe  --harmony c:\SanCloud\node_modules\node-windows\lib\wrapper.js --file C:\SanCloud\server.js --log "SanCloud wrapper" --grow 0.25 --wait 1 --maxrestarts 3 --abortonerror n --stopparentfirst undefined
2019-11-22 18:46:44 - Started 6580
2019-11-22 19:11:14 - Stopping sancloud.exe
2019-11-22 19:11:14 - ProcessKill 6580
2019-11-22 19:11:15 - Shutdown exception
Message:A system shutdown is in progress. (Exception from HRESULT: 0x8007045B)
Stacktrace:   at System.Runtime.InteropServices.Marshal.ThrowExceptionForHRInternal(Int32 errorCode, IntPtr errorInfo)
   at System.Management.ManagementScope.InitializeGuts(Object o)
   at System.Management.ManagementScope.Initialize()
   at System.Management.ManagementObjectSearcher.Initialize()
   at System.Management.ManagementObjectSearcher.Get()
   at winsw.WrapperService.GetChildPids(Int32 pid)
   at winsw.WrapperService.StopProcessAndChildren(Int32 pid)
   at winsw.WrapperService.StopIt()
   at winsw.WrapperService.OnShutdown()
2019-11-22 19:12:02 - Starting C:\Program Files\nodejs\node.exe  --harmony c:\SanCloud\node_modules\node-windows\lib\wrapper.js --file C:\SanCloud\server.js --log "SanCloud wrapper" --grow 0.25 --wait 1 --maxrestarts 3 --abortonerror n --stopparentfirst undefined
2019-11-22 19:12:02 - Started 6640
2019-11-22 19:32:44 - Stopping sancloud.exe
2019-11-22 19:32:44 - ProcessKill 6640
2019-11-22 19:32:45 - Shutdown exception
Message:A system shutdown is in progress. (Exception from HRESULT: 0x8007045B)
Stacktrace:   at System.Runtime.InteropServices.Marshal.ThrowExceptionForHRInternal(Int32 errorCode, IntPtr errorInfo)
   at System.Management.ManagementScope.InitializeGuts(Object o)
   at System.Management.ManagementScope.Initialize()
   at System.Management.ManagementObjectSearcher.Initialize()
   at System.Management.ManagementObjectSearcher.Get()
   at winsw.WrapperService.GetChildPids(Int32 pid)
   at winsw.WrapperService.StopProcessAndChildren(Int32 pid)
   at winsw.WrapperService.StopIt()
   at winsw.WrapperService.OnShutdown()
2019-11-22 19:33:26 - Starting C:\Program Files\nodejs\node.exe  --harmony c:\SanCloud\node_modules\node-windows\lib\wrapper.js --file C:\SanCloud\server.js --log "SanCloud wrapper" --grow 0.25 --wait 1 --maxrestarts 3 --abortonerror n --stopparentfirst undefined
2019-11-22 19:33:27 - Started 5896
2019-11-22 20:17:00 - Stopping sancloud.exe
2019-11-22 20:17:00 - ProcessKill 5896
2019-11-22 20:17:01 - Shutdown exception
Message:A system shutdown is in progress. (Exception from HRESULT: 0x8007045B)
Stacktrace:   at System.Runtime.InteropServices.Marshal.ThrowExceptionForHRInternal(Int32 errorCode, IntPtr errorInfo)
   at System.Management.ManagementScope.InitializeGuts(Object o)
   at System.Management.ManagementScope.Initialize()
   at System.Management.ManagementObjectSearcher.Initialize()
   at System.Management.ManagementObjectSearcher.Get()
   at winsw.WrapperService.GetChildPids(Int32 pid)
   at winsw.WrapperService.StopProcessAndChildren(Int32 pid)
   at winsw.WrapperService.StopIt()
   at winsw.WrapperService.OnShutdown()
2019-11-22 20:17:47 - Starting C:\Program Files\nodejs\node.exe  --harmony c:\SanCloud\node_modules\node-windows\lib\wrapper.js --file C:\SanCloud\server.js --log "SanCloud wrapper" --grow 0.25 --wait 1 --maxrestarts 3 --abortonerror n --stopparentfirst undefined
2019-11-22 20:17:47 - Started 1904
2019-11-22 20:50:00 - Stopping sancloud.exe
2019-11-22 20:50:00 - ProcessKill 1904
2019-11-22 20:50:01 - Shutdown exception
Message:A system shutdown is in progress. (Exception from HRESULT: 0x8007045B)
Stacktrace:   at System.Runtime.InteropServices.Marshal.ThrowExceptionForHRInternal(Int32 errorCode, IntPtr errorInfo)
   at System.Management.ManagementScope.InitializeGuts(Object o)
   at System.Management.ManagementScope.Initialize()
   at System.Management.ManagementObjectSearcher.Initialize()
   at System.Management.ManagementObjectSearcher.Get()
   at winsw.WrapperService.GetChildPids(Int32 pid)
   at winsw.WrapperService.StopProcessAndChildren(Int32 pid)
   at winsw.WrapperService.StopIt()
   at winsw.WrapperService.OnShutdown()
